(---------------------------------------------------------------------)
(                                                                     )
(    Allegro Netrev Import Logic                                      )
(                                                                     )
(    Drawing          : SAFEBOX.brd                                   )
(    Software Version : 16.6P004                                      )
(    Date/Time        : Sun May 15 21:04:24 2016                      )
(                                                                     )
(---------------------------------------------------------------------)


------ Directives ------

RIPUP_ETCH FALSE;
RIPUP_DELETE_FIRST_SEGMENT FALSE;
RIPUP_RETAIN_BONDWIRE FALSE;
RIPUP_SYMBOLS ALWAYS;
Missing symbol has error FALSE;
SCHEMATIC_DIRECTORY 'D:\CADENCE\WORKSPACE\allegro';
BOARD_DIRECTORY '';
OLD_BOARD_NAME 'D:/CADENCE/WORKSPACE/allegro/SAFEBOX.brd';
NEW_BOARD_NAME 'D:/CADENCE/WORKSPACE/allegro/SAFEBOX.brd';

CmdLine: netrev.exe -y 1 -n -i D:\CADENCE\WORKSPACE\allegro D:\CADENCE\WORKSPACE\allegro\SAFEBOX.brd D:\CADENCE\WORKSPACE\allegro\SAFEBOX.brd

------ Preparing to read pst files ------

Starting to read D:/CADENCE/WORKSPACE/allegro/pstchip.dat 
   Finished reading D:/CADENCE/WORKSPACE/allegro/pstchip.dat (00:00:00.03)
Starting to read D:/CADENCE/WORKSPACE/allegro/pstxprt.dat 
   Finished reading D:/CADENCE/WORKSPACE/allegro/pstxprt.dat (00:00:00.00)
Starting to read D:/CADENCE/WORKSPACE/allegro/pstxnet.dat 
   Finished reading D:/CADENCE/WORKSPACE/allegro/pstxnet.dat (00:00:00.00)

------ Oversights/Warnings/Errors ------


#1   WARNING(SPMHNI-192): Device/Symbol check warning detected. [help]

ERROR(SPMHNI-196): Symbol 'DIO500' for device '1N6265/TO_DIO500_RED' has extra pin '2'.

ERROR(SPMHNI-195): Symbol 'DIO500' for device '1N6265/TO_DIO500_RED' is missing pin '3'.

------ Library Paths ------
MODULEPATH =  . 
           d:/Cadence/SPB_16.6/share/local/pcb/modules 

PSMPATH =  . 
           symbols 
           .. 
           ../symbols 
           d:/Cadence/SPB_16.6/share/local/pcb/symbols 
           d:/Cadence/SPB_16.6/share/pcb/pcb_lib/symbols 
           d:/Cadence/SPB_16.6/share/pcb/allegrolib/symbols 

PADPATH =  . 
           symbols 
           .. 
           ../symbols 
           d:/Cadence/SPB_16.6/share/local/pcb/padstacks 
           d:/Cadence/SPB_16.6/share/pcb/pcb_lib/symbols 
           d:/Cadence/SPB_16.6/share/pcb/allegrolib/symbols 


------ Summary Statistics ------


netrev run on May 15 21:04:24 2016
   DESIGN NAME : 'SAFEBOX'
   PACKAGING ON Sep 10 2012 04:46:09

   COMPILE 'logic'
   CHECK_PIN_NAMES OFF
   CROSS_REFERENCE OFF
   FEEDBACK OFF
   INCREMENTAL OFF
   INTERFACE_TYPE PHYSICAL
   MAX_ERRORS 500
   MERGE_MINIMUM 5
   NET_NAME_CHARS '#%&()*+-./:=>?@[]^_`|'
   NET_NAME_LENGTH 24
   OVERSIGHTS ON
   REPLACE_CHECK OFF
   SINGLE_NODE_NETS ON
   SPLIT_MINIMUM 0
   SUPPRESS   20
   WARNINGS ON

 No error detected
 No oversight detected
  1 warnings detected

cpu time      0:00:41
elapsed time  0:00:00

